{"total": {"lines":{"total":1075,"covered":855,"skipped":0,"pct":79.53},"statements":{"total":1135,"covered":900,"skipped":0,"pct":79.29},"functions":{"total":305,"covered":213,"skipped":0,"pct":69.83},"branches":{"total":112,"covered":51,"skipped":0,"pct":45.53},"branchesTrue":{"total":0,"covered":0,"skipped":0,"pct":100}}
,"/home/runner/work/WebGL-basic-lib/WebGL-basic-lib/lib/all.js": {"lines":{"total":0,"covered":0,"skipped":0,"pct":100},"functions":{"total":0,"covered":0,"skipped":0,"pct":100},"statements":{"total":0,"covered":0,"skipped":0,"pct":100},"branches":{"total":0,"covered":0,"skipped":0,"pct":100}}
,"/home/runner/work/WebGL-basic-lib/WebGL-basic-lib/lib/extra/camera.js": {"lines":{"total":40,"covered":38,"skipped":0,"pct":95},"functions":{"total":13,"covered":11,"skipped":0,"pct":84.61},"statements":{"total":40,"covered":38,"skipped":0,"pct":95},"branches":{"total":4,"covered":2,"skipped":0,"pct":50}}
,"/home/runner/work/WebGL-basic-lib/WebGL-basic-lib/lib/extra/colors.js": {"lines":{"total":47,"covered":46,"skipped":0,"pct":97.87},"functions":{"total":14,"covered":13,"skipped":0,"pct":92.85},"statements":{"total":50,"covered":47,"skipped":0,"pct":94},"branches":{"total":24,"covered":21,"skipped":0,"pct":87.5}}
,"/home/runner/work/WebGL-basic-lib/WebGL-basic-lib/lib/extra/debug.js": {"lines":{"total":51,"covered":5,"skipped":0,"pct":9.8},"functions":{"total":6,"covered":0,"skipped":0,"pct":0},"statements":{"total":53,"covered":5,"skipped":0,"pct":9.43},"branches":{"total":4,"covered":0,"skipped":0,"pct":0}}
,"/home/runner/work/WebGL-basic-lib/WebGL-basic-lib/lib/extra/stack.js": {"lines":{"total":10,"covered":10,"skipped":0,"pct":100},"functions":{"total":5,"covered":5,"skipped":0,"pct":100},"statements":{"total":10,"covered":10,"skipped":0,"pct":100},"branches":{"total":6,"covered":6,"skipped":0,"pct":100}}
,"/home/runner/work/WebGL-basic-lib/WebGL-basic-lib/lib/geometry/cube.js": {"lines":{"total":29,"covered":29,"skipped":0,"pct":100},"functions":{"total":10,"covered":10,"skipped":0,"pct":100},"statements":{"total":38,"covered":38,"skipped":0,"pct":100},"branches":{"total":0,"covered":0,"skipped":0,"pct":100}}
,"/home/runner/work/WebGL-basic-lib/WebGL-basic-lib/lib/geometry/cylinder.js": {"lines":{"total":37,"covered":37,"skipped":0,"pct":100},"functions":{"total":2,"covered":2,"skipped":0,"pct":100},"statements":{"total":40,"covered":40,"skipped":0,"pct":100},"branches":{"total":0,"covered":0,"skipped":0,"pct":100}}
,"/home/runner/work/WebGL-basic-lib/WebGL-basic-lib/lib/geometry/icosahedron.js": {"lines":{"total":66,"covered":66,"skipped":0,"pct":100},"functions":{"total":6,"covered":6,"skipped":0,"pct":100},"statements":{"total":70,"covered":70,"skipped":0,"pct":100},"branches":{"total":2,"covered":2,"skipped":0,"pct":100}}
,"/home/runner/work/WebGL-basic-lib/WebGL-basic-lib/lib/geometry/quad.js": {"lines":{"total":9,"covered":9,"skipped":0,"pct":100},"functions":{"total":1,"covered":1,"skipped":0,"pct":100},"statements":{"total":9,"covered":9,"skipped":0,"pct":100},"branches":{"total":0,"covered":0,"skipped":0,"pct":100}}
,"/home/runner/work/WebGL-basic-lib/WebGL-basic-lib/lib/geometry/sphere.js": {"lines":{"total":40,"covered":40,"skipped":0,"pct":100},"functions":{"total":2,"covered":2,"skipped":0,"pct":100},"statements":{"total":45,"covered":45,"skipped":0,"pct":100},"branches":{"total":6,"covered":5,"skipped":0,"pct":83.33}}
,"/home/runner/work/WebGL-basic-lib/WebGL-basic-lib/lib/geometry/types.js": {"lines":{"total":50,"covered":34,"skipped":0,"pct":68},"functions":{"total":30,"covered":20,"skipped":0,"pct":66.66},"statements":{"total":52,"covered":36,"skipped":0,"pct":69.23},"branches":{"total":0,"covered":0,"skipped":0,"pct":100}}
,"/home/runner/work/WebGL-basic-lib/WebGL-basic-lib/lib/geometry/utils.js": {"lines":{"total":38,"covered":38,"skipped":0,"pct":100},"functions":{"total":6,"covered":6,"skipped":0,"pct":100},"statements":{"total":39,"covered":39,"skipped":0,"pct":100},"branches":{"total":2,"covered":2,"skipped":0,"pct":100}}
,"/home/runner/work/WebGL-basic-lib/WebGL-basic-lib/lib/math/mat.js": {"lines":{"total":32,"covered":21,"skipped":0,"pct":65.62},"functions":{"total":17,"covered":10,"skipped":0,"pct":58.82},"statements":{"total":37,"covered":25,"skipped":0,"pct":67.56},"branches":{"total":5,"covered":2,"skipped":0,"pct":40}}
,"/home/runner/work/WebGL-basic-lib/WebGL-basic-lib/lib/math/mat2.js": {"lines":{"total":45,"covered":45,"skipped":0,"pct":100},"functions":{"total":12,"covered":12,"skipped":0,"pct":100},"statements":{"total":46,"covered":45,"skipped":0,"pct":97.82},"branches":{"total":2,"covered":1,"skipped":0,"pct":50}}
,"/home/runner/work/WebGL-basic-lib/WebGL-basic-lib/lib/math/mat3.js": {"lines":{"total":88,"covered":88,"skipped":0,"pct":100},"functions":{"total":13,"covered":13,"skipped":0,"pct":100},"statements":{"total":90,"covered":89,"skipped":0,"pct":98.88},"branches":{"total":2,"covered":1,"skipped":0,"pct":50}}
,"/home/runner/work/WebGL-basic-lib/WebGL-basic-lib/lib/math/mat4.js": {"lines":{"total":230,"covered":228,"skipped":0,"pct":99.13},"functions":{"total":17,"covered":17,"skipped":0,"pct":100},"statements":{"total":233,"covered":230,"skipped":0,"pct":98.71},"branches":{"total":6,"covered":4,"skipped":0,"pct":66.66}}
,"/home/runner/work/WebGL-basic-lib/WebGL-basic-lib/lib/math/utils.js": {"lines":{"total":4,"covered":4,"skipped":0,"pct":100},"functions":{"total":2,"covered":2,"skipped":0,"pct":100},"statements":{"total":4,"covered":4,"skipped":0,"pct":100},"branches":{"total":0,"covered":0,"skipped":0,"pct":100}}
,"/home/runner/work/WebGL-basic-lib/WebGL-basic-lib/lib/math/vec.js": {"lines":{"total":49,"covered":47,"skipped":0,"pct":95.91},"functions":{"total":23,"covered":21,"skipped":0,"pct":91.3},"statements":{"total":62,"covered":60,"skipped":0,"pct":96.77},"branches":{"total":5,"covered":5,"skipped":0,"pct":100}}
,"/home/runner/work/WebGL-basic-lib/WebGL-basic-lib/lib/math/vec2.js": {"lines":{"total":17,"covered":17,"skipped":0,"pct":100},"functions":{"total":17,"covered":17,"skipped":0,"pct":100},"statements":{"total":17,"covered":17,"skipped":0,"pct":100},"branches":{"total":0,"covered":0,"skipped":0,"pct":100}}
,"/home/runner/work/WebGL-basic-lib/WebGL-basic-lib/lib/math/vec3.js": {"lines":{"total":33,"covered":33,"skipped":0,"pct":100},"functions":{"total":25,"covered":25,"skipped":0,"pct":100},"statements":{"total":33,"covered":33,"skipped":0,"pct":100},"branches":{"total":0,"covered":0,"skipped":0,"pct":100}}
,"/home/runner/work/WebGL-basic-lib/WebGL-basic-lib/lib/math/vec4.js": {"lines":{"total":21,"covered":20,"skipped":0,"pct":95.23},"functions":{"total":21,"covered":20,"skipped":0,"pct":95.23},"statements":{"total":21,"covered":20,"skipped":0,"pct":95.23},"branches":{"total":0,"covered":0,"skipped":0,"pct":100}}
,"/home/runner/work/WebGL-basic-lib/WebGL-basic-lib/lib/webgl/program.js": {"lines":{"total":35,"covered":0,"skipped":0,"pct":0},"functions":{"total":27,"covered":0,"skipped":0,"pct":0},"statements":{"total":38,"covered":0,"skipped":0,"pct":0},"branches":{"total":4,"covered":0,"skipped":0,"pct":0}}
,"/home/runner/work/WebGL-basic-lib/WebGL-basic-lib/lib/webgl/shader.js": {"lines":{"total":12,"covered":0,"skipped":0,"pct":0},"functions":{"total":1,"covered":0,"skipped":0,"pct":0},"statements":{"total":13,"covered":0,"skipped":0,"pct":0},"branches":{"total":4,"covered":0,"skipped":0,"pct":0}}
,"/home/runner/work/WebGL-basic-lib/WebGL-basic-lib/lib/webgl/texture.js": {"lines":{"total":34,"covered":0,"skipped":0,"pct":0},"functions":{"total":10,"covered":0,"skipped":0,"pct":0},"statements":{"total":34,"covered":0,"skipped":0,"pct":0},"branches":{"total":10,"covered":0,"skipped":0,"pct":0}}
,"/home/runner/work/WebGL-basic-lib/WebGL-basic-lib/lib/webgl/utils.js": {"lines":{"total":58,"covered":0,"skipped":0,"pct":0},"functions":{"total":25,"covered":0,"skipped":0,"pct":0},"statements":{"total":61,"covered":0,"skipped":0,"pct":0},"branches":{"total":26,"covered":0,"skipped":0,"pct":0}}
}
