TN:
SF:lib/all.js
FNF:0
FNH:0
LF:0
LH:0
BRF:0
BRH:0
end_of_record
TN:
SF:lib/extra/camera.js
FN:35,(anonymous_0)
FN:53,(anonymous_1)
FN:67,(anonymous_2)
FN:80,(anonymous_3)
FN:90,(anonymous_4)
FN:99,(anonymous_5)
FN:109,(anonymous_6)
FN:118,(anonymous_7)
FN:128,(anonymous_8)
FN:138,(anonymous_9)
FN:145,(anonymous_10)
FN:161,(anonymous_11)
FN:171,(anonymous_12)
FNF:13
FNH:11
FNDA:7,(anonymous_0)
FNDA:16,(anonymous_1)
FNDA:16,(anonymous_2)
FNDA:4,(anonymous_3)
FNDA:0,(anonymous_4)
FNDA:1,(anonymous_5)
FNDA:0,(anonymous_6)
FNDA:1,(anonymous_7)
FNDA:1,(anonymous_8)
FNDA:16,(anonymous_9)
FNDA:12,(anonymous_10)
FNDA:1,(anonymous_11)
FNDA:1,(anonymous_12)
DA:9,7
DA:10,7
DA:12,7
DA:13,7
DA:14,7
DA:15,7
DA:17,7
DA:18,7
DA:19,7
DA:21,7
DA:36,7
DA:37,7
DA:38,7
DA:39,7
DA:40,7
DA:41,7
DA:42,7
DA:43,7
DA:44,7
DA:45,7
DA:54,16
DA:68,16
DA:81,4
DA:82,4
DA:91,0
DA:100,1
DA:101,1
DA:110,0
DA:119,1
DA:120,1
DA:129,1
DA:130,1
DA:139,16
DA:147,12
DA:148,12
DA:150,12
DA:162,1
DA:163,1
DA:172,1
DA:173,1
LF:40
LH:38
BRDA:70,0,0,0
BRDA:70,0,1,16
BRDA:147,1,0,12
BRDA:147,1,1,0
BRF:4
BRH:2
end_of_record
TN:
SF:lib/extra/colors.js
FN:13,(anonymous_0)
FN:14,(anonymous_1)
FN:15,(anonymous_2)
FN:16,(anonymous_3)
FN:17,(anonymous_4)
FN:18,(anonymous_5)
FN:19,(anonymous_6)
FN:20,(anonymous_7)
FN:21,(anonymous_8)
FN:28,(anonymous_9)
FN:42,(anonymous_10)
FN:83,(anonymous_11)
FN:116,(anonymous_12)
FN:145,(anonymous_13)
FNF:14
FNH:13
FNDA:1,(anonymous_0)
FNDA:1,(anonymous_1)
FNDA:1,(anonymous_2)
FNDA:1,(anonymous_3)
FNDA:1,(anonymous_4)
FNDA:1,(anonymous_5)
FNDA:1,(anonymous_6)
FNDA:1,(anonymous_7)
FNDA:1,(anonymous_8)
FNDA:0,(anonymous_9)
FNDA:11,(anonymous_10)
FNDA:11,(anonymous_11)
FNDA:10,(anonymous_12)
FNDA:10,(anonymous_13)
DA:13,1
DA:14,1
DA:15,1
DA:16,1
DA:17,1
DA:18,1
DA:19,1
DA:20,1
DA:21,1
DA:29,0
DA:44,11
DA:47,11
DA:48,11
DA:49,11
DA:52,11
DA:53,11
DA:54,11
DA:55,11
DA:56,9
DA:57,4
DA:59,5
DA:60,3
DA:63,2
DA:65,9
DA:66,9
DA:70,11
DA:85,11
DA:88,11
DA:89,11
DA:90,11
DA:94,11
DA:103,11
DA:118,10
DA:121,10
DA:124,10
DA:127,10
DA:128,10
DA:129,10
DA:132,10
DA:147,10
DA:150,10
DA:153,10
DA:156,10
DA:157,10
DA:158,10
DA:159,10
DA:162,10
LF:47
LH:46
BRDA:53,0,0,1
BRDA:53,0,1,10
BRDA:55,1,0,9
BRDA:55,1,1,2
BRDA:56,2,0,4
BRDA:56,2,1,5
BRDA:59,3,0,3
BRDA:59,3,1,2
BRDA:66,4,0,1
BRDA:66,4,1,8
BRDA:94,5,0,4
BRDA:94,5,1,7
BRDA:95,6,0,1
BRDA:95,6,1,6
BRDA:96,7,0,2
BRDA:96,7,1,4
BRDA:97,8,0,2
BRDA:97,8,1,2
BRDA:98,9,0,2
BRDA:98,9,1,0
BRDA:121,10,0,0
BRDA:121,10,1,10
BRDA:150,11,0,0
BRDA:150,11,1,10
BRF:24
BRH:21
end_of_record
TN:
SF:lib/extra/debug.js
FN:56,(anonymous_0)
FN:57,(anonymous_1)
FN:58,(anonymous_2)
FN:66,(anonymous_3)
FN:108,(anonymous_4)
FN:143,(anonymous_5)
FNF:6
FNH:0
FNDA:0,(anonymous_0)
FNDA:0,(anonymous_1)
FNDA:0,(anonymous_2)
FNDA:0,(anonymous_3)
FNDA:0,(anonymous_4)
FNDA:0,(anonymous_5)
DA:8,17
DA:19,17
DA:28,17
DA:37,17
DA:55,17
DA:56,0
DA:57,0
DA:58,0
DA:67,0
DA:70,0
DA:71,0
DA:74,0
DA:75,0
DA:76,0
DA:77,0
DA:78,0
DA:79,0
DA:86,0
DA:87,0
DA:88,0
DA:89,0
DA:90,0
DA:91,0
DA:109,0
DA:112,0
DA:113,0
DA:114,0
DA:115,0
DA:118,0
DA:119,0
DA:120,0
DA:121,0
DA:124,0
DA:127,0
DA:128,0
DA:129,0
DA:144,0
DA:147,0
DA:148,0
DA:149,0
DA:150,0
DA:151,0
DA:152,0
DA:155,0
DA:156,0
DA:157,0
DA:160,0
DA:163,0
DA:164,0
DA:165,0
DA:166,0
LF:51
LH:5
BRDA:109,0,0,0
BRDA:109,0,1,0
BRDA:144,1,0,0
BRDA:144,1,1,0
BRF:4
BRH:0
end_of_record
TN:
SF:lib/extra/stack.js
FN:15,(anonymous_0)
FN:25,(anonymous_1)
FN:36,(anonymous_2)
FN:51,(anonymous_3)
FN:60,(anonymous_4)
FNF:5
FNH:5
FNDA:6,(anonymous_0)
FNDA:7,(anonymous_1)
FNDA:158,(anonymous_2)
FNDA:16,(anonymous_3)
FNDA:194,(anonymous_4)
DA:9,6
DA:16,6
DA:26,7
DA:37,158
DA:38,158
DA:39,158
DA:40,4
DA:42,154
DA:52,16
DA:61,194
LF:10
LH:10
BRDA:26,0,0,6
BRDA:26,0,1,1
BRDA:39,1,0,4
BRDA:39,1,1,154
BRDA:52,2,0,12
BRDA:52,2,1,4
BRF:6
BRH:6
end_of_record
TN:
SF:lib/geometry/cube.js
FN:16,(anonymous_0)
FN:27,(anonymous_1)
FN:28,(anonymous_2)
FN:29,(anonymous_3)
FN:30,(anonymous_4)
FN:31,(anonymous_5)
FN:32,(anonymous_6)
FN:33,(anonymous_7)
FN:34,(anonymous_8)
FN:45,(anonymous_9)
FNF:10
FNH:10
FNDA:5,(anonymous_0)
FNDA:15,(anonymous_1)
FNDA:15,(anonymous_2)
FNDA:15,(anonymous_3)
FNDA:15,(anonymous_4)
FNDA:15,(anonymous_5)
FNDA:15,(anonymous_6)
FNDA:15,(anonymous_7)
FNDA:15,(anonymous_8)
FNDA:120,(anonymous_9)
DA:17,5
DA:19,5
DA:20,5
DA:21,5
DA:22,5
DA:23,5
DA:24,5
DA:27,15
DA:28,15
DA:29,15
DA:30,15
DA:31,15
DA:32,15
DA:33,15
DA:34,15
DA:37,5
DA:45,120
DA:48,5
DA:49,5
DA:50,5
DA:51,5
DA:52,5
DA:53,5
DA:56,5
DA:66,5
DA:67,5
DA:70,5
DA:80,5
DA:82,5
LF:29
LH:29
BRF:0
BRH:0
end_of_record
TN:
SF:lib/geometry/cylinder.js
FN:18,(anonymous_0)
FN:74,(anonymous_1)
FNF:2
FNH:2
FNDA:5,(anonymous_0)
FNDA:240,(anonymous_1)
DA:19,5
DA:21,5
DA:22,5
DA:23,5
DA:24,5
DA:25,5
DA:26,5
DA:29,5
DA:30,5
DA:32,40
DA:33,40
DA:34,40
DA:36,40
DA:37,40
DA:38,40
DA:39,40
DA:40,40
DA:41,40
DA:42,40
DA:43,40
DA:44,40
DA:45,40
DA:46,40
DA:47,40
DA:51,5
DA:54,5
DA:56,40
DA:58,40
DA:60,40
DA:61,40
DA:62,40
DA:63,40
DA:67,5
DA:68,5
DA:71,5
DA:74,240
DA:76,5
LF:37
LH:37
BRF:0
BRH:0
end_of_record
TN:
SF:lib/geometry/icosahedron.js
FN:18,(anonymous_0)
FN:75,middle
FN:103,(anonymous_2)
FN:126,(anonymous_3)
FN:129,(anonymous_4)
FN:132,(anonymous_5)
FNF:6
FNH:6
FNDA:5,(anonymous_0)
FNDA:1500,middle
FNDA:500,(anonymous_2)
FNDA:810,(anonymous_3)
FNDA:810,(anonymous_4)
FNDA:810,(anonymous_5)
DA:19,5
DA:21,5
DA:22,5
DA:23,5
DA:24,5
DA:25,5
DA:26,5
DA:29,5
DA:30,5
DA:31,5
DA:34,5
DA:35,5
DA:36,5
DA:37,5
DA:39,5
DA:40,5
DA:41,5
DA:42,5
DA:44,5
DA:45,5
DA:46,5
DA:47,5
DA:49,5
DA:50,5
DA:51,5
DA:52,5
DA:53,5
DA:55,5
DA:56,5
DA:57,5
DA:58,5
DA:59,5
DA:61,5
DA:62,5
DA:63,5
DA:64,5
DA:65,5
DA:67,5
DA:68,5
DA:69,5
DA:70,5
DA:71,5
DA:74,5
DA:77,1500
DA:80,1500
DA:83,750
DA:86,750
DA:89,750
DA:93,1500
DA:97,5
DA:100,10
DA:103,10
DA:106,500
DA:107,500
DA:108,500
DA:111,500
DA:112,500
DA:113,500
DA:114,500
DA:118,10
DA:122,5
DA:123,5
DA:126,810
DA:129,810
DA:132,810
DA:134,5
LF:66
LH:66
BRDA:80,0,0,750
BRDA:80,0,1,750
BRF:2
BRH:2
end_of_record
TN:
SF:lib/geometry/quad.js
FN:16,(anonymous_0)
FNF:1
FNH:1
FNDA:5,(anonymous_0)
DA:17,5
DA:18,5
DA:20,5
DA:27,5
DA:34,5
DA:41,5
DA:48,5
DA:53,5
DA:55,5
LF:9
LH:9
BRF:0
BRH:0
end_of_record
TN:
SF:lib/geometry/sphere.js
FN:19,(anonymous_0)
FN:91,(anonymous_1)
FNF:2
FNH:2
FNDA:5,(anonymous_0)
FNDA:180,(anonymous_1)
DA:20,5
DA:21,5
DA:23,5
DA:24,5
DA:25,5
DA:26,5
DA:27,5
DA:28,5
DA:31,5
DA:34,30
DA:37,180
DA:38,180
DA:41,180
DA:42,180
DA:43,180
DA:46,180
DA:47,180
DA:50,180
DA:51,180
DA:52,180
DA:53,180
DA:54,180
DA:55,180
DA:59,5
DA:62,5
DA:65,25
DA:66,125
DA:67,125
DA:69,125
DA:70,125
DA:71,125
DA:72,125
DA:75,125
DA:76,100
DA:78,125
DA:79,100
DA:85,5
DA:88,5
DA:91,180
DA:93,5
LF:40
LH:40
BRDA:67,0,0,125
BRDA:67,0,1,0
BRDA:75,1,0,100
BRDA:75,1,1,25
BRDA:78,2,0,100
BRDA:78,2,1,25
BRF:6
BRH:5
end_of_record
TN:
SF:lib/geometry/types.js
FN:17,(anonymous_0)
FN:30,(anonymous_1)
FN:43,(anonymous_2)
FN:56,(anonymous_3)
FN:69,(anonymous_4)
FN:81,(anonymous_5)
FN:103,(anonymous_6)
FN:117,(anonymous_7)
FN:126,(anonymous_8)
FN:135,(anonymous_9)
FN:151,(anonymous_10)
FN:168,(anonymous_11)
FN:169,(anonymous_12)
FN:169,(anonymous_13)
FN:180,(anonymous_14)
FN:189,(anonymous_15)
FN:196,(anonymous_16)
FN:222,(anonymous_17)
FN:235,(anonymous_18)
FN:254,(anonymous_19)
FN:267,(anonymous_20)
FN:287,(anonymous_21)
FN:300,(anonymous_22)
FN:322,(anonymous_23)
FN:335,(anonymous_24)
FN:361,(anonymous_25)
FN:376,(anonymous_26)
FN:385,(anonymous_27)
FN:396,(anonymous_28)
FN:406,(anonymous_29)
FNF:30
FNH:20
FNDA:5,(anonymous_0)
FNDA:5,(anonymous_1)
FNDA:5,(anonymous_2)
FNDA:5,(anonymous_3)
FNDA:5,(anonymous_4)
FNDA:0,(anonymous_5)
FNDA:25,(anonymous_6)
FNDA:0,(anonymous_7)
FNDA:0,(anonymous_8)
FNDA:0,(anonymous_9)
FNDA:38,(anonymous_10)
FNDA:59,(anonymous_11)
FNDA:4084,(anonymous_12)
FNDA:6558,(anonymous_13)
FNDA:0,(anonymous_14)
FNDA:0,(anonymous_15)
FNDA:0,(anonymous_16)
FNDA:5,(anonymous_17)
FNDA:6,(anonymous_18)
FNDA:5,(anonymous_19)
FNDA:6,(anonymous_20)
FNDA:5,(anonymous_21)
FNDA:6,(anonymous_22)
FNDA:5,(anonymous_23)
FNDA:6,(anonymous_24)
FNDA:5,(anonymous_25)
FNDA:6,(anonymous_26)
FNDA:0,(anonymous_27)
FNDA:0,(anonymous_28)
FNDA:0,(anonymous_29)
DA:18,5
DA:19,5
DA:20,5
DA:31,5
DA:32,5
DA:33,5
DA:44,5
DA:45,5
DA:46,5
DA:57,5
DA:58,5
DA:59,5
DA:70,5
DA:71,5
DA:72,5
DA:82,0
DA:104,25
DA:105,25
DA:106,25
DA:107,25
DA:108,25
DA:118,0
DA:127,0
DA:136,0
DA:152,38
DA:169,6558
DA:197,0
DA:198,0
DA:199,0
DA:200,0
DA:201,0
DA:202,0
DA:203,0
DA:204,0
DA:205,0
DA:223,5
DA:236,6
DA:255,5
DA:268,6
DA:288,5
DA:301,6
DA:323,5
DA:336,6
DA:362,5
DA:367,5
DA:368,5
DA:377,6
DA:386,0
DA:397,0
DA:407,0
LF:50
LH:34
BRF:0
BRH:0
end_of_record
TN:
SF:lib/geometry/utils.js
FN:13,LinesFromTriangles
FN:17,(anonymous_1)
FN:19,(anonymous_2)
FN:45,TangentsFromTriangles
FN:47,(anonymous_4)
FN:50,(anonymous_5)
FNF:6
FNH:6
FNDA:27,LinesFromTriangles
FNDA:2036,(anonymous_1)
FNDA:6108,(anonymous_2)
FNDA:5,TangentsFromTriangles
FNDA:180,(anonymous_4)
FNDA:200,(anonymous_5)
DA:14,27
DA:15,27
DA:17,27
DA:19,2036
DA:21,6108
DA:22,6108
DA:23,6108
DA:26,6108
DA:27,3356
DA:28,3356
DA:33,27
DA:47,180
DA:50,5
DA:52,200
DA:53,200
DA:54,200
DA:55,200
DA:56,200
DA:57,200
DA:58,200
DA:61,200
DA:62,200
DA:64,200
DA:65,200
DA:66,200
DA:67,200
DA:69,200
DA:71,200
DA:72,200
DA:73,200
DA:74,200
DA:76,200
DA:77,200
DA:78,200
DA:80,200
DA:81,200
DA:82,200
DA:85,5
LF:38
LH:38
BRDA:26,0,0,3356
BRDA:26,0,1,2752
BRF:2
BRH:2
end_of_record
TN:
SF:lib/math/mat.js
FN:14,(anonymous_0)
FN:24,(anonymous_1)
FN:34,(anonymous_2)
FN:47,(anonymous_3)
FN:60,(anonymous_4)
FN:72,(anonymous_5)
FN:82,(anonymous_6)
FN:91,(anonymous_7)
FN:93,(anonymous_8)
FN:104,(anonymous_9)
FN:119,(anonymous_10)
FN:131,(anonymous_11)
FN:146,(anonymous_12)
FN:155,(anonymous_13)
FN:170,(anonymous_14)
FN:179,(anonymous_15)
FN:188,(anonymous_16)
FNF:17
FNH:10
FNDA:307,(anonymous_0)
FNDA:0,(anonymous_1)
FNDA:0,(anonymous_2)
FNDA:0,(anonymous_3)
FNDA:0,(anonymous_4)
FNDA:49,(anonymous_5)
FNDA:29,(anonymous_6)
FNDA:0,(anonymous_7)
FNDA:0,(anonymous_8)
FNDA:0,(anonymous_9)
FNDA:8,(anonymous_10)
FNDA:3,(anonymous_11)
FNDA:158,(anonymous_12)
FNDA:43,(anonymous_13)
FNDA:13,(anonymous_14)
FNDA:3,(anonymous_15)
FNDA:3,(anonymous_16)
DA:15,307
DA:25,0
DA:35,0
DA:48,0
DA:61,0
DA:73,49
DA:83,29
DA:92,0
DA:93,0
DA:94,0
DA:105,0
DA:106,0
DA:107,0
DA:108,0
DA:120,8
DA:121,102
DA:122,8
DA:132,3
DA:133,9
DA:134,10
DA:135,10
DA:136,10
DA:138,3
DA:147,158
DA:156,43
DA:157,43
DA:158,669
DA:159,169
DA:160,43
DA:171,13
DA:180,3
DA:189,3
LF:32
LH:21
BRDA:91,0,0,0
BRDA:106,1,0,0
BRDA:106,1,1,0
BRDA:158,2,0,169
BRDA:158,2,1,500
BRF:5
BRH:2
end_of_record
TN:
SF:lib/math/mat2.js
FN:16,(anonymous_0)
FN:27,(anonymous_1)
FN:36,(anonymous_2)
FN:47,(anonymous_3)
FN:59,(anonymous_4)
FN:71,(anonymous_5)
FN:83,(anonymous_6)
FN:96,(anonymous_7)
FN:118,(anonymous_8)
FN:136,(anonymous_9)
FN:158,(anonymous_10)
FN:171,(anonymous_11)
FNF:12
FNH:12
FNDA:19,(anonymous_0)
FNDA:15,(anonymous_1)
FNDA:21,(anonymous_2)
FNDA:5,(anonymous_3)
FNDA:1,(anonymous_4)
FNDA:4,(anonymous_5)
FNDA:2,(anonymous_6)
FNDA:1,(anonymous_7)
FNDA:1,(anonymous_8)
FNDA:1,(anonymous_9)
FNDA:1,(anonymous_10)
FNDA:1,(anonymous_11)
DA:18,19
DA:28,15
DA:37,21
DA:48,5
DA:60,1
DA:72,4
DA:84,2
DA:97,1
DA:98,1
DA:99,1
DA:100,1
DA:102,1
DA:103,1
DA:104,1
DA:105,1
DA:107,1
DA:119,1
DA:120,1
DA:122,1
DA:123,1
DA:125,1
DA:137,1
DA:138,1
DA:140,1
DA:141,1
DA:142,1
DA:143,1
DA:145,1
DA:146,1
DA:147,1
DA:148,1
DA:150,1
DA:159,1
DA:172,1
DA:173,1
DA:174,1
DA:175,1
DA:177,1
DA:179,1
DA:181,1
DA:183,1
DA:184,1
DA:185,1
DA:186,1
DA:188,1
LF:45
LH:45
BRDA:179,0,0,0
BRDA:179,0,1,1
BRF:2
BRH:1
end_of_record
TN:
SF:lib/math/mat3.js
FN:17,(anonymous_0)
FN:30,(anonymous_1)
FN:39,(anonymous_2)
FN:50,(anonymous_3)
FN:63,(anonymous_4)
FN:76,(anonymous_5)
FN:89,(anonymous_6)
FN:103,(anonymous_7)
FN:137,(anonymous_8)
FN:158,(anonymous_9)
FN:178,(anonymous_10)
FN:210,(anonymous_11)
FN:236,(anonymous_12)
FNF:13
FNH:13
FNDA:22,(anonymous_0)
FNDA:35,(anonymous_1)
FNDA:44,(anonymous_2)
FNDA:5,(anonymous_3)
FNDA:2,(anonymous_4)
FNDA:6,(anonymous_5)
FNDA:3,(anonymous_6)
FNDA:1,(anonymous_7)
FNDA:1,(anonymous_8)
FNDA:1,(anonymous_9)
FNDA:1,(anonymous_10)
FNDA:1,(anonymous_11)
FNDA:1,(anonymous_12)
DA:20,22
DA:31,35
DA:40,44
DA:51,5
DA:64,2
DA:77,6
DA:90,3
DA:104,1
DA:105,1
DA:106,1
DA:108,1
DA:109,1
DA:110,1
DA:112,1
DA:113,1
DA:114,1
DA:116,1
DA:117,3
DA:118,3
DA:119,3
DA:121,3
DA:122,3
DA:123,3
DA:126,1
DA:138,1
DA:141,1
DA:144,1
DA:147,1
DA:159,1
DA:160,1
DA:161,1
DA:163,1
DA:164,1
DA:165,1
DA:167,1
DA:179,1
DA:180,1
DA:181,1
DA:183,1
DA:184,1
DA:185,1
DA:187,1
DA:188,1
DA:189,1
DA:191,1
DA:192,1
DA:194,1
DA:195,1
DA:196,1
DA:198,1
DA:199,1
DA:200,1
DA:202,1
DA:211,1
DA:212,1
DA:213,1
DA:215,1
DA:216,1
DA:217,1
DA:219,1
DA:220,1
DA:221,1
DA:223,1
DA:237,1
DA:238,1
DA:239,1
DA:241,1
DA:242,1
DA:243,1
DA:245,1
DA:246,1
DA:247,1
DA:249,1
DA:250,1
DA:251,1
DA:253,1
DA:255,1
DA:257,1
DA:259,1
DA:260,1
DA:261,1
DA:262,1
DA:263,1
DA:264,1
DA:265,1
DA:266,1
DA:267,1
DA:269,1
LF:88
LH:88
BRDA:255,0,0,0
BRDA:255,0,1,1
BRF:2
BRH:1
end_of_record
TN:
SF:lib/math/mat4.js
FN:18,(anonymous_0)
FN:33,(anonymous_1)
FN:42,(anonymous_2)
FN:53,(anonymous_3)
FN:67,(anonymous_4)
FN:79,(anonymous_5)
FN:94,(anonymous_6)
FN:108,(anonymous_7)
FN:123,(anonymous_8)
FN:167,(anonymous_9)
FN:195,(anonymous_10)
FN:223,(anonymous_11)
FN:276,(anonymous_12)
FN:320,(anonymous_13)
FN:390,(anonymous_14)
FN:432,(anonymous_15)
FN:481,(anonymous_16)
FNF:17
FNH:17
FNDA:266,(anonymous_0)
FNDA:831,(anonymous_1)
FNDA:716,(anonymous_2)
FNDA:250,(anonymous_3)
FNDA:1,(anonymous_4)
FNDA:1,(anonymous_5)
FNDA:11,(anonymous_6)
FNDA:4,(anonymous_7)
FNDA:209,(anonymous_8)
FNDA:1,(anonymous_9)
FNDA:1,(anonymous_10)
FNDA:1,(anonymous_11)
FNDA:1,(anonymous_12)
FNDA:1,(anonymous_13)
FNDA:22,(anonymous_14)
FNDA:21,(anonymous_15)
FNDA:1,(anonymous_16)
DA:22,266
DA:34,831
DA:43,716
DA:54,250
DA:68,1
DA:80,1
DA:95,11
DA:109,4
DA:124,209
DA:125,209
DA:126,209
DA:127,209
DA:129,209
DA:130,209
DA:131,209
DA:132,209
DA:134,209
DA:135,209
DA:136,209
DA:137,209
DA:139,209
DA:140,209
DA:141,209
DA:142,209
DA:144,209
DA:145,836
DA:146,836
DA:147,836
DA:148,836
DA:150,836
DA:151,836
DA:152,836
DA:153,836
DA:156,209
DA:168,1
DA:172,1
DA:176,1
DA:180,1
DA:184,1
DA:196,1
DA:197,1
DA:198,1
DA:199,1
DA:201,1
DA:202,1
DA:203,1
DA:204,1
DA:206,1
DA:207,1
DA:208,1
DA:209,1
DA:211,1
DA:224,1
DA:225,1
DA:226,1
DA:228,1
DA:229,1
DA:230,1
DA:231,1
DA:233,1
DA:234,1
DA:235,1
DA:236,1
DA:238,1
DA:239,1
DA:240,1
DA:241,1
DA:243,1
DA:244,1
DA:245,1
DA:246,1
DA:247,1
DA:248,1
DA:249,1
DA:250,1
DA:251,1
DA:253,1
DA:254,1
DA:255,1
DA:256,1
DA:258,1
DA:259,1
DA:260,1
DA:261,1
DA:263,1
DA:264,1
DA:265,1
DA:266,1
DA:268,1
DA:277,1
DA:278,1
DA:279,1
DA:280,1
DA:282,1
DA:283,1
DA:284,1
DA:285,1
DA:287,1
DA:288,1
DA:289,1
DA:290,1
DA:292,1
DA:293,1
DA:294,1
DA:295,1
DA:297,1
DA:298,1
DA:299,1
DA:300,1
DA:301,1
DA:302,1
DA:304,1
DA:305,1
DA:306,1
DA:307,1
DA:309,1
DA:321,1
DA:322,1
DA:323,1
DA:324,1
DA:326,1
DA:327,1
DA:328,1
DA:329,1
DA:331,1
DA:332,1
DA:333,1
DA:334,1
DA:336,1
DA:337,1
DA:338,1
DA:339,1
DA:341,1
DA:342,1
DA:343,1
DA:344,1
DA:345,1
DA:346,1
DA:347,1
DA:348,1
DA:349,1
DA:350,1
DA:351,1
DA:352,1
DA:354,1
DA:357,1
DA:359,1
DA:361,1
DA:362,1
DA:363,1
DA:364,1
DA:365,1
DA:366,1
DA:367,1
DA:368,1
DA:369,1
DA:370,1
DA:371,1
DA:372,1
DA:373,1
DA:374,1
DA:375,1
DA:376,1
DA:378,1
DA:391,22
DA:393,21
DA:394,21
DA:395,21
DA:397,21
DA:399,21
DA:400,21
DA:401,21
DA:402,21
DA:404,21
DA:405,21
DA:406,21
DA:407,21
DA:409,21
DA:410,21
DA:411,21
DA:412,21
DA:414,21
DA:415,21
DA:416,21
DA:417,21
DA:419,21
DA:433,21
DA:435,21
DA:437,21
DA:438,21
DA:439,21
DA:440,21
DA:442,21
DA:443,21
DA:444,21
DA:445,21
DA:447,21
DA:448,21
DA:450,21
DA:452,21
DA:453,21
DA:455,21
DA:457,21
DA:458,21
DA:459,21
DA:460,21
DA:462,0
DA:463,0
DA:466,21
DA:482,1
DA:483,1
DA:484,1
DA:486,1
DA:488,1
DA:489,1
DA:490,1
DA:491,1
DA:492,1
DA:493,1
DA:494,1
DA:495,1
DA:496,1
DA:497,1
DA:498,1
DA:499,1
DA:500,1
DA:501,1
DA:502,1
DA:503,1
DA:505,1
LF:230
LH:228
BRDA:357,0,0,0
BRDA:357,0,1,1
BRDA:391,1,0,1
BRDA:391,1,1,21
BRDA:457,2,0,21
BRDA:457,2,1,0
BRF:6
BRH:4
end_of_record
TN:
SF:lib/math/utils.js
FN:13,toRad
FN:24,toDeg
FNF:2
FNH:2
FNDA:35,toRad
FNDA:6,toDeg
DA:3,17
DA:4,17
DA:14,35
DA:25,6
LF:4
LH:4
BRF:0
BRH:0
end_of_record
TN:
SF:lib/math/vec.js
FN:14,(anonymous_0)
FN:24,(anonymous_1)
FN:36,(anonymous_2)
FN:45,(anonymous_3)
FN:46,(anonymous_4)
FN:56,(anonymous_5)
FN:71,(anonymous_6)
FN:85,(anonymous_7)
FN:99,(anonymous_8)
FN:113,(anonymous_9)
FN:127,(anonymous_10)
FN:139,(anonymous_11)
FN:151,(anonymous_12)
FN:163,(anonymous_13)
FN:175,(anonymous_14)
FN:188,(anonymous_15)
FN:200,(anonymous_16)
FN:211,(anonymous_17)
FN:223,(anonymous_18)
FN:236,(anonymous_19)
FN:247,(anonymous_20)
FN:256,(anonymous_21)
FN:265,(anonymous_22)
FNF:23
FNH:21
FNDA:10866,(anonymous_0)
FNDA:0,(anonymous_1)
FNDA:0,(anonymous_2)
FNDA:15,(anonymous_3)
FNDA:45,(anonymous_4)
FNDA:37,(anonymous_5)
FNDA:2134,(anonymous_6)
FNDA:433,(anonymous_7)
FNDA:135,(anonymous_8)
FNDA:2993,(anonymous_9)
FNDA:68,(anonymous_10)
FNDA:3,(anonymous_11)
FNDA:1710,(anonymous_12)
FNDA:6,(anonymous_13)
FNDA:6,(anonymous_14)
FNDA:1812,(anonymous_15)
FNDA:1719,(anonymous_16)
FNDA:1728,(anonymous_17)
FNDA:3,(anonymous_18)
FNDA:1346,(anonymous_19)
FNDA:1447,(anonymous_20)
FNDA:1373,(anonymous_21)
FNDA:29,(anonymous_22)
DA:15,10866
DA:25,0
DA:37,0
DA:46,45
DA:57,37
DA:58,102
DA:59,24
DA:60,13
DA:72,2134
DA:73,6402
DA:74,2134
DA:86,433
DA:87,1299
DA:88,433
DA:100,135
DA:101,405
DA:102,135
DA:114,2993
DA:115,8999
DA:116,2993
DA:128,68
DA:129,204
DA:130,68
DA:140,3
DA:141,9
DA:142,3
DA:152,1710
DA:153,1710
DA:154,1708
DA:164,6
DA:165,18
DA:166,6
DA:176,6
DA:177,18
DA:178,6
DA:189,1812
DA:190,1812
DA:191,5438
DA:192,1812
DA:201,1719
DA:212,1728
DA:224,3
DA:225,3
DA:226,9
DA:228,3
DA:237,1346
DA:248,1447
DA:257,1373
DA:266,29
LF:49
LH:47
BRDA:45,0,0,3
BRDA:58,1,0,24
BRDA:58,1,1,78
BRDA:153,2,0,2
BRDA:153,2,1,1708
BRF:5
BRH:5
end_of_record
TN:
SF:lib/math/vec2.js
FN:17,(anonymous_0)
FN:28,(anonymous_1)
FN:40,(anonymous_2)
FN:49,(anonymous_3)
FN:58,(anonymous_4)
FN:67,(anonymous_5)
FN:68,(anonymous_6)
FN:71,(anonymous_7)
FN:72,(anonymous_8)
FN:75,(anonymous_9)
FN:76,(anonymous_10)
FN:83,(anonymous_11)
FN:84,(anonymous_12)
FN:87,(anonymous_13)
FN:88,(anonymous_14)
FN:91,(anonymous_15)
FN:92,(anonymous_16)
FNF:17
FNH:17
FNDA:4466,(anonymous_0)
FNDA:1,(anonymous_1)
FNDA:1,(anonymous_2)
FNDA:215,(anonymous_3)
FNDA:67,(anonymous_4)
FNDA:2,(anonymous_5)
FNDA:1,(anonymous_6)
FNDA:1,(anonymous_7)
FNDA:1,(anonymous_8)
FNDA:1,(anonymous_9)
FNDA:1,(anonymous_10)
FNDA:805,(anonymous_11)
FNDA:806,(anonymous_12)
FNDA:1,(anonymous_13)
FNDA:2,(anonymous_14)
FNDA:1,(anonymous_15)
FNDA:2,(anonymous_16)
DA:18,4466
DA:29,1
DA:41,1
DA:50,215
DA:59,67
DA:67,2
DA:68,1
DA:71,1
DA:72,1
DA:75,1
DA:76,1
DA:83,805
DA:84,806
DA:87,1
DA:88,2
DA:91,1
DA:92,2
LF:17
LH:17
BRF:0
BRH:0
end_of_record
TN:
SF:lib/math/vec3.js
FN:18,(anonymous_0)
FN:27,(anonymous_1)
FN:36,(anonymous_2)
FN:45,(anonymous_3)
FN:56,(anonymous_4)
FN:65,(anonymous_5)
FN:66,(anonymous_6)
FN:67,(anonymous_7)
FN:70,(anonymous_8)
FN:71,(anonymous_9)
FN:72,(anonymous_10)
FN:75,(anonymous_11)
FN:76,(anonymous_12)
FN:77,(anonymous_13)
FN:84,(anonymous_14)
FN:85,(anonymous_15)
FN:86,(anonymous_16)
FN:89,(anonymous_17)
FN:90,(anonymous_18)
FN:91,(anonymous_19)
FN:94,(anonymous_20)
FN:95,(anonymous_21)
FN:96,(anonymous_22)
FN:106,(anonymous_23)
FN:125,(anonymous_24)
FNF:25
FNH:25
FNDA:6298,(anonymous_0)
FNDA:31342,(anonymous_1)
FNDA:2689,(anonymous_2)
FNDA:1,(anonymous_3)
FNDA:1,(anonymous_4)
FNDA:202,(anonymous_5)
FNDA:201,(anonymous_6)
FNDA:201,(anonymous_7)
FNDA:1,(anonymous_8)
FNDA:1,(anonymous_9)
FNDA:1,(anonymous_10)
FNDA:1,(anonymous_11)
FNDA:1,(anonymous_12)
FNDA:1,(anonymous_13)
FNDA:6144,(anonymous_14)
FNDA:6145,(anonymous_15)
FNDA:6138,(anonymous_16)
FNDA:12,(anonymous_17)
FNDA:13,(anonymous_18)
FNDA:13,(anonymous_19)
FNDA:12,(anonymous_20)
FNDA:13,(anonymous_21)
FNDA:13,(anonymous_22)
FNDA:46,(anonymous_23)
FNDA:810,(anonymous_24)
DA:19,6298
DA:28,31342
DA:37,2689
DA:46,1
DA:57,1
DA:65,202
DA:66,201
DA:67,201
DA:70,1
DA:71,1
DA:72,1
DA:75,1
DA:76,1
DA:77,1
DA:84,6144
DA:85,6145
DA:86,6138
DA:89,12
DA:90,13
DA:91,13
DA:94,12
DA:95,13
DA:96,13
DA:107,46
DA:108,46
DA:109,46
DA:111,46
DA:112,46
DA:113,46
DA:115,46
DA:126,810
DA:127,810
DA:128,810
LF:33
LH:33
BRF:0
BRH:0
end_of_record
TN:
SF:lib/math/vec4.js
FN:19,(anonymous_0)
FN:28,(anonymous_1)
FN:37,(anonymous_2)
FN:46,(anonymous_3)
FN:55,(anonymous_4)
FN:64,(anonymous_5)
FN:65,(anonymous_6)
FN:66,(anonymous_7)
FN:67,(anonymous_8)
FN:70,(anonymous_9)
FN:71,(anonymous_10)
FN:72,(anonymous_11)
FN:73,(anonymous_12)
FN:80,(anonymous_13)
FN:81,(anonymous_14)
FN:82,(anonymous_15)
FN:83,(anonymous_16)
FN:86,(anonymous_17)
FN:87,(anonymous_18)
FN:88,(anonymous_19)
FN:89,(anonymous_20)
FNF:21
FNH:20
FNDA:102,(anonymous_0)
FNDA:402,(anonymous_1)
FNDA:40,(anonymous_2)
FNDA:1,(anonymous_3)
FNDA:4,(anonymous_4)
FNDA:2,(anonymous_5)
FNDA:1,(anonymous_6)
FNDA:1,(anonymous_7)
FNDA:2,(anonymous_8)
FNDA:1,(anonymous_9)
FNDA:1,(anonymous_10)
FNDA:1,(anonymous_11)
FNDA:0,(anonymous_12)
FNDA:14,(anonymous_13)
FNDA:15,(anonymous_14)
FNDA:14,(anonymous_15)
FNDA:3,(anonymous_16)
FNDA:1,(anonymous_17)
FNDA:2,(anonymous_18)
FNDA:2,(anonymous_19)
FNDA:1,(anonymous_20)
DA:20,102
DA:29,402
DA:38,40
DA:47,1
DA:56,4
DA:64,2
DA:65,1
DA:66,1
DA:67,2
DA:70,1
DA:71,1
DA:72,1
DA:73,0
DA:80,14
DA:81,15
DA:82,14
DA:83,3
DA:86,1
DA:87,2
DA:88,2
DA:89,1
LF:21
LH:20
BRF:0
BRH:0
end_of_record
TN:
SF:lib/webgl/program.js
FN:14,(anonymous_0)
FN:25,(anonymous_1)
FN:32,(anonymous_2)
FN:45,(anonymous_3)
FN:52,(anonymous_4)
FN:66,(anonymous_5)
FN:68,(anonymous_6)
FN:76,(anonymous_7)
FN:77,(anonymous_8)
FN:86,(anonymous_9)
FN:87,(anonymous_10)
FN:100,(anonymous_11)
FN:101,(anonymous_12)
FN:103,(anonymous_13)
FN:118,(anonymous_14)
FN:119,(anonymous_15)
FN:131,(anonymous_16)
FN:132,(anonymous_17)
FN:133,(anonymous_18)
FN:134,(anonymous_19)
FN:135,(anonymous_20)
FN:136,(anonymous_21)
FN:137,(anonymous_22)
FN:138,(anonymous_23)
FN:139,(anonymous_24)
FN:140,(anonymous_25)
FN:141,(anonymous_26)
FNF:27
FNH:0
FNDA:0,(anonymous_0)
FNDA:0,(anonymous_1)
FNDA:0,(anonymous_2)
FNDA:0,(anonymous_3)
FNDA:0,(anonymous_4)
FNDA:0,(anonymous_5)
FNDA:0,(anonymous_6)
FNDA:0,(anonymous_7)
FNDA:0,(anonymous_8)
FNDA:0,(anonymous_9)
FNDA:0,(anonymous_10)
FNDA:0,(anonymous_11)
FNDA:0,(anonymous_12)
FNDA:0,(anonymous_13)
FNDA:0,(anonymous_14)
FNDA:0,(anonymous_15)
FNDA:0,(anonymous_16)
FNDA:0,(anonymous_17)
FNDA:0,(anonymous_18)
FNDA:0,(anonymous_19)
FNDA:0,(anonymous_20)
FNDA:0,(anonymous_21)
FNDA:0,(anonymous_22)
FNDA:0,(anonymous_23)
FNDA:0,(anonymous_24)
FNDA:0,(anonymous_25)
FNDA:0,(anonymous_26)
DA:15,0
DA:16,0
DA:17,0
DA:26,0
DA:33,0
DA:35,0
DA:36,0
DA:39,0
DA:46,0
DA:53,0
DA:67,0
DA:68,0
DA:69,0
DA:77,0
DA:78,0
DA:79,0
DA:87,0
DA:88,0
DA:101,0
DA:102,0
DA:103,0
DA:104,0
DA:119,0
DA:120,0
DA:131,0
DA:132,0
DA:133,0
DA:134,0
DA:135,0
DA:136,0
DA:137,0
DA:138,0
DA:139,0
DA:140,0
DA:141,0
LF:35
LH:0
BRDA:39,0,0,0
BRDA:39,0,1,0
BRDA:39,1,0,0
BRDA:39,1,1,0
BRF:4
BRH:0
end_of_record
TN:
SF:lib/webgl/shader.js
FN:16,(anonymous_0)
FNF:1
FNH:0
FNDA:0,(anonymous_0)
DA:17,0
DA:18,0
DA:19,0
DA:20,0
DA:21,0
DA:35,0
DA:38,0
DA:41,0
DA:44,0
DA:45,0
DA:48,0
DA:51,0
LF:12
LH:0
BRDA:48,0,0,0
BRDA:48,0,1,0
BRDA:48,1,0,0
BRDA:48,1,1,0
BRF:4
BRH:0
end_of_record
TN:
SF:lib/webgl/texture.js
FN:31,(anonymous_0)
FN:43,(anonymous_1)
FN:52,(anonymous_2)
FN:61,(anonymous_3)
FN:72,(anonymous_4)
FN:100,(anonymous_5)
FN:101,(anonymous_6)
FN:103,(anonymous_7)
FN:108,(anonymous_8)
FN:121,(anonymous_9)
FNF:10
FNH:0
FNDA:0,(anonymous_0)
FNDA:0,(anonymous_1)
FNDA:0,(anonymous_2)
FNDA:0,(anonymous_3)
FNDA:0,(anonymous_4)
FNDA:0,(anonymous_5)
FNDA:0,(anonymous_6)
FNDA:0,(anonymous_7)
FNDA:0,(anonymous_8)
FNDA:0,(anonymous_9)
DA:32,0
DA:33,0
DA:34,0
DA:35,0
DA:44,0
DA:45,0
DA:46,0
DA:53,0
DA:54,0
DA:55,0
DA:62,0
DA:73,0
DA:74,0
DA:75,0
DA:76,0
DA:77,0
DA:78,0
DA:80,0
DA:81,0
DA:82,0
DA:84,0
DA:85,0
DA:87,0
DA:88,0
DA:101,0
DA:102,0
DA:103,0
DA:105,0
DA:106,0
DA:108,0
DA:109,0
DA:111,0
DA:112,0
DA:122,0
LF:34
LH:0
BRDA:76,0,0,0
BRDA:76,0,1,0
BRDA:80,1,0,0
BRDA:80,1,1,0
BRDA:81,2,0,0
BRDA:81,2,1,0
BRDA:82,3,0,0
BRDA:82,3,1,0
BRDA:84,4,0,0
BRDA:84,4,1,0
BRF:10
BRH:0
end_of_record
TN:
SF:lib/webgl/utils.js
FN:17,RetrieveWebGLContext
FN:50,AddExtensions
FN:55,(anonymous_2)
FN:73,(anonymous_3)
FN:74,(anonymous_4)
FN:75,(anonymous_5)
FN:76,(anonymous_6)
FN:77,(anonymous_7)
FN:86,SetMouseHandler
FN:88,getPosition
FN:103,(anonymous_10)
FN:106,(anonymous_11)
FN:111,(anonymous_12)
FN:116,(anonymous_13)
FN:121,(anonymous_14)
FN:126,(anonymous_15)
FN:137,(anonymous_16)
FN:138,(anonymous_17)
FN:147,SetKeyboardHandler
FN:149,(anonymous_19)
FN:154,(anonymous_20)
FN:165,(anonymous_21)
FN:176,SetResizeHandler
FN:178,onResize
FN:179,(anonymous_24)
FNF:25
FNH:0
FNDA:0,RetrieveWebGLContext
FNDA:0,AddExtensions
FNDA:0,(anonymous_2)
FNDA:0,(anonymous_3)
FNDA:0,(anonymous_4)
FNDA:0,(anonymous_5)
FNDA:0,(anonymous_6)
FNDA:0,(anonymous_7)
FNDA:0,SetMouseHandler
FNDA:0,getPosition
FNDA:0,(anonymous_10)
FNDA:0,(anonymous_11)
FNDA:0,(anonymous_12)
FNDA:0,(anonymous_13)
FNDA:0,(anonymous_14)
FNDA:0,(anonymous_15)
FNDA:0,(anonymous_16)
FNDA:0,(anonymous_17)
FNDA:0,SetKeyboardHandler
FNDA:0,(anonymous_19)
FNDA:0,(anonymous_20)
FNDA:0,(anonymous_21)
FNDA:0,SetResizeHandler
FNDA:0,onResize
FNDA:0,(anonymous_24)
DA:19,0
DA:22,0
DA:25,0
DA:28,0
DA:31,0
DA:34,0
DA:35,0
DA:39,0
DA:52,0
DA:55,0
DA:56,0
DA:57,0
DA:59,0
DA:61,0
DA:66,0
DA:89,0
DA:90,0
DA:91,0
DA:92,0
DA:93,0
DA:94,0
DA:96,0
DA:100,0
DA:103,0
DA:106,0
DA:107,0
DA:108,0
DA:111,0
DA:112,0
DA:113,0
DA:116,0
DA:117,0
DA:118,0
DA:121,0
DA:122,0
DA:123,0
DA:126,0
DA:127,0
DA:128,0
DA:149,0
DA:150,0
DA:151,0
DA:154,0
DA:155,0
DA:156,0
DA:179,0
DA:180,0
DA:181,0
DA:182,0
DA:183,0
DA:184,0
DA:185,0
DA:186,0
DA:187,0
DA:188,0
DA:191,0
DA:197,0
DA:200,0
LF:58
LH:0
BRDA:22,0,0,0
BRDA:22,0,1,0
BRDA:28,1,0,0
BRDA:28,1,1,0
BRDA:34,2,0,0
BRDA:34,2,1,0
BRDA:57,3,0,0
BRDA:57,3,1,0
BRDA:107,4,0,0
BRDA:107,4,1,0
BRDA:112,5,0,0
BRDA:112,5,1,0
BRDA:117,6,0,0
BRDA:117,6,1,0
BRDA:122,7,0,0
BRDA:122,7,1,0
BRDA:127,8,0,0
BRDA:127,8,1,0
BRDA:150,9,0,0
BRDA:150,9,1,0
BRDA:155,10,0,0
BRDA:155,10,1,0
BRDA:180,11,0,0
BRDA:180,11,1,0
BRDA:187,12,0,0
BRDA:187,12,1,0
BRF:26
BRH:0
end_of_record
